<?xml version="1.0" encoding="UTF-8"?>
<!-- Generated by org.testng.reporters.JUnitXMLReporter -->
<testsuite hostname="DESKTOP-H4LHD4U" ignored="1" name="Home" tests="2" failures="0" timestamp="2021-03-11T00:21:13 IST" time="50.314" errors="0">
  <testcase name="initializePageFactory" time="0.042" classname="Tests.Home"/>
  <testcase name="verifyAssignLeave" time="38.582" classname="Tests.Home"/>
  <testcase name="login" time="0.0" classname="Tests.Home">
    <ignored/>
  </testcase> <!-- login -->
</testsuite> <!-- Home -->
