<?xml version="1.0" encoding="UTF-8"?>
<testng-results skipped="0" failed="0" ignored="1" total="3" passed="2">
  <reporter-output>
  </reporter-output>
  <suite name="Allure-Reporting" duration-ms="50314" started-at="2021-03-11T00:20:23 IST" finished-at="2021-03-11T00:21:13 IST">
    <groups>
    </groups>
    <test name="Home" duration-ms="50314" started-at="2021-03-11T00:20:23 IST" finished-at="2021-03-11T00:21:13 IST">
      <class name="Tests.Home">
        <test-method status="PASS" signature="readExcelWorkbook(org.testng.ITestContext)[pri:0, instance:Tests.Home@c65a5ef]" name="readExcelWorkbook" is-config="true" duration-ms="863" started-at="2021-03-11T00:20:23 IST" finished-at="2021-03-11T00:20:24 IST">
          <params>
            <param index="0">
              <value>
                <![CDATA[org.testng.TestRunner@54107f42]]>
              </value>
            </param>
          </params>
          <reporter-output>
          </reporter-output>
        </test-method> <!-- readExcelWorkbook -->
        <test-method status="PASS" signature="setUp(java.lang.String, java.lang.reflect.Method, org.testng.ITestContext)[pri:0, instance:Tests.Home@c65a5ef]" name="setUp" is-config="true" duration-ms="5564" started-at="2021-03-11T00:20:24 IST" finished-at="2021-03-11T00:20:30 IST">
          <params>
            <param index="0">
              <value>
                <![CDATA[chrome]]>
              </value>
            </param>
            <param index="1">
              <value>
                <![CDATA[public void Tests.Home.initializePageFactory()]]>
              </value>
            </param>
            <param index="2">
              <value>
                <![CDATA[org.testng.TestRunner@54107f42]]>
              </value>
            </param>
          </params>
          <reporter-output>
          </reporter-output>
        </test-method> <!-- setUp -->
        <test-method status="PASS" signature="initializePageFactory()[pri:0, instance:Tests.Home@c65a5ef]" name="initializePageFactory" duration-ms="42" started-at="2021-03-11T00:20:30 IST" finished-at="2021-03-11T00:20:30 IST">
          <reporter-output>
          </reporter-output>
        </test-method> <!-- initializePageFactory -->
        <test-method status="PASS" signature="tearDown()[pri:0, instance:Tests.Home@c65a5ef]" name="tearDown" is-config="true" duration-ms="145" started-at="2021-03-11T00:20:30 IST" finished-at="2021-03-11T00:20:30 IST">
          <reporter-output>
          </reporter-output>
        </test-method> <!-- tearDown -->
        <test-method status="PASS" signature="setUp(java.lang.String, java.lang.reflect.Method, org.testng.ITestContext)[pri:0, instance:Tests.Home@c65a5ef]" name="setUp" is-config="true" duration-ms="4724" started-at="2021-03-11T00:20:30 IST" finished-at="2021-03-11T00:20:35 IST">
          <params>
            <param index="0">
              <value>
                <![CDATA[chrome]]>
              </value>
            </param>
            <param index="1">
              <value>
                <![CDATA[public void Tests.Home.verifyAssignLeave() throws java.lang.InterruptedException]]>
              </value>
            </param>
            <param index="2">
              <value>
                <![CDATA[org.testng.TestRunner@54107f42]]>
              </value>
            </param>
          </params>
          <reporter-output>
          </reporter-output>
        </test-method> <!-- setUp -->
        <test-method status="PASS" signature="verifyAssignLeave()[pri:2, instance:Tests.Home@c65a5ef]" name="verifyAssignLeave" duration-ms="38582" started-at="2021-03-11T00:20:35 IST" finished-at="2021-03-11T00:21:13 IST">
          <reporter-output>
          </reporter-output>
        </test-method> <!-- verifyAssignLeave -->
        <test-method status="PASS" signature="tearDown()[pri:0, instance:Tests.Home@c65a5ef]" name="tearDown" is-config="true" duration-ms="49" started-at="2021-03-11T00:21:13 IST" finished-at="2021-03-11T00:21:13 IST">
          <reporter-output>
          </reporter-output>
        </test-method> <!-- tearDown -->
      </class> <!-- Tests.Home -->
    </test> <!-- Home -->
  </suite> <!-- Allure-Reporting -->
</testng-results>
