<?xml version="1.0" encoding="UTF-8"?>
<testng-results skipped="0" failed="0" ignored="0" total="2" passed="2">
  <reporter-output>
  </reporter-output>
  <suite name="Allure-Reporting" duration-ms="41909" started-at="2021-03-10T11:44:38 IST" finished-at="2021-03-10T11:45:20 IST">
    <groups>
    </groups>
    <test name="Chrome-Test" duration-ms="41909" started-at="2021-03-10T11:44:38 IST" finished-at="2021-03-10T11:45:20 IST">
      <class name="Tests.Home">
        <test-method status="PASS" signature="setUp(java.lang.String)[pri:0, instance:Tests.Home@54361a9]" name="setUp" is-config="true" duration-ms="6978" started-at="2021-03-10T11:44:38 IST" finished-at="2021-03-10T11:44:45 IST">
          <params>
            <param index="0">
              <value>
                <![CDATA[chrome]]>
              </value>
            </param>
          </params>
          <reporter-output>
          </reporter-output>
        </test-method> <!-- setUp -->
        <test-method status="PASS" signature="initializePageFactory()[pri:0, instance:Tests.Home@54361a9]" name="initializePageFactory" duration-ms="132" started-at="2021-03-10T11:44:45 IST" finished-at="2021-03-10T11:44:45 IST">
          <reporter-output>
          </reporter-output>
        </test-method> <!-- initializePageFactory -->
        <test-method status="PASS" signature="tearDown()[pri:0, instance:Tests.Home@54361a9]" name="tearDown" is-config="true" duration-ms="339" started-at="2021-03-10T11:44:46 IST" finished-at="2021-03-10T11:44:46 IST">
          <reporter-output>
          </reporter-output>
        </test-method> <!-- tearDown -->
        <test-method status="PASS" signature="setUp(java.lang.String)[pri:0, instance:Tests.Home@54361a9]" name="setUp" is-config="true" duration-ms="4916" started-at="2021-03-10T11:44:46 IST" finished-at="2021-03-10T11:44:51 IST">
          <params>
            <param index="0">
              <value>
                <![CDATA[chrome]]>
              </value>
            </param>
          </params>
          <reporter-output>
          </reporter-output>
        </test-method> <!-- setUp -->
        <test-method status="PASS" signature="login()[pri:1, instance:Tests.Home@54361a9]" name="login" duration-ms="28134" started-at="2021-03-10T11:44:51 IST" finished-at="2021-03-10T11:45:19 IST">
          <reporter-output>
          </reporter-output>
        </test-method> <!-- login -->
        <test-method status="PASS" signature="tearDown()[pri:0, instance:Tests.Home@54361a9]" name="tearDown" is-config="true" duration-ms="67" started-at="2021-03-10T11:45:19 IST" finished-at="2021-03-10T11:45:20 IST">
          <reporter-output>
          </reporter-output>
        </test-method> <!-- tearDown -->
      </class> <!-- Tests.Home -->
    </test> <!-- Chrome-Test -->
  </suite> <!-- Allure-Reporting -->
</testng-results>
