<?xml version="1.0" encoding="UTF-8"?>
<testsuite xmlns:xsi="http://www.w3.org/2001/XMLSchema-instance" xsi:noNamespaceSchemaLocation="https://maven.apache.org/surefire/maven-surefire-plugin/xsd/surefire-test-report.xsd" name="TestSuite" time="72.258" tests="3" errors="0" skipped="0" failures="1">
  <properties>
[...]
</properties>
  <testcase name="initializePageFactory" classname="Tests.Home" time="0.053"/>
  <testcase name="login" classname="Tests.Home" time="28.658"/>
  <testcase name="verifyAssignLeave" classname="Tests.Home" time="26.373">
    <failure message="Assign Leave button text not valid expected [true] but found [false]" type="java.lang.AssertionError">java.lang.AssertionError: Assign Leave button text not valid expected [true] but found [false]
	at Tests.Home.verifyAssignLeave(Home.java:53)
</failure>
    <system-out><![CDATA[Assign
]]></system-out>
    <system-err><![CDATA[Starting ChromeDriver 89.0.4389.23 (61b08ee2c50024bab004e48d2b1b083cdbdac579-refs/branch-heads/4389@{#294}) on port 44084
Only local connections are allowed.
Please see https://chromedriver.chromium.org/security-considerations for suggestions on keeping ChromeDriver safe.
ChromeDriver was started successfully.
Mar 10, 2021 1:43:17 PM org.openqa.selenium.remote.ProtocolHandshake createSession
INFO: Detected dialect: W3C
]]></system-err>
  </testcase>
</testsuite>