<?xml version="1.0" encoding="UTF-8"?>
<testng-results skipped="0" failed="0" total="1" passed="1">
  <reporter-output>
  </reporter-output>
  <suite name="Suite" duration-ms="12730" started-at="2021-03-08T08:32:20Z" finished-at="2021-03-08T08:32:33Z">
    <groups>
    </groups>
    <test name="Test" duration-ms="12730" started-at="2021-03-08T08:32:20Z" finished-at="2021-03-08T08:32:33Z">
      <class name="Tests.TestNGAllureReport">
        <test-method status="PASS" signature="functionTest()[pri:0, instance:Tests.TestNGAllureReport@23282c25]" name="functionTest" duration-ms="12572" started-at="2021-03-08T14:02:21Z" finished-at="2021-03-08T14:02:33Z">
          <reporter-output>
          </reporter-output>
        </test-method> <!-- functionTest -->
      </class> <!-- Tests.TestNGAllureReport -->
    </test> <!-- Test -->
  </suite> <!-- Suite -->
</testng-results>
